2018-09-28 11:44:37,872 [ERROR] com.foxhis.itf.main.Main.main(Main.java:126) - 连接数据库失败或者加载实例失败
org.apache.ibatis.exceptions.PersistenceException: 
### Error building SqlSession.
### The error may exist in SQL Mapper Configuration
### Cause: org.apache.ibatis.builder.BuilderException: Error parsing SQL Mapper Configuration. Cause: java.io.IOException: Could not find resource dbsybase.properties
	at org.apache.ibatis.exceptions.ExceptionFactory.wrapException(ExceptionFactory.java:30)
	at org.apache.ibatis.session.SqlSessionFactoryBuilder.build(SqlSessionFactoryBuilder.java:80)
	at org.apache.ibatis.session.SqlSessionFactoryBuilder.build(SqlSessionFactoryBuilder.java:72)
	at com.foxhis.itf.main.Main.main(Main.java:97)
Caused by: org.apache.ibatis.builder.BuilderException: Error parsing SQL Mapper Configuration. Cause: java.io.IOException: Could not find resource dbsybase.properties
	at org.apache.ibatis.builder.xml.XMLConfigBuilder.parseConfiguration(XMLConfigBuilder.java:121)
	at org.apache.ibatis.builder.xml.XMLConfigBuilder.parse(XMLConfigBuilder.java:99)
	at org.apache.ibatis.session.SqlSessionFactoryBuilder.build(SqlSessionFactoryBuilder.java:78)
	... 2 more
Caused by: java.io.IOException: Could not find resource dbsybase.properties
	at org.apache.ibatis.io.Resources.getResourceAsStream(Resources.java:114)
	at org.apache.ibatis.io.Resources.getResourceAsStream(Resources.java:100)
	at org.apache.ibatis.io.Resources.getResourceAsProperties(Resources.java:128)
	at org.apache.ibatis.builder.xml.XMLConfigBuilder.propertiesElement(XMLConfigBuilder.java:225)
	at org.apache.ibatis.builder.xml.XMLConfigBuilder.parseConfiguration(XMLConfigBuilder.java:106)
	... 4 more
2018-09-28 11:49:00,002 [ INFO] com.foxhis.itf.main.Main.main(Main.java:98) - 连接数据库成功
2018-09-28 11:49:00,048 [ INFO] com.foxhis.itf.main.Main.main(Main.java:116) - 打开循环调度器成功,循环时间为:2秒
2018-09-28 11:49:00,063 [ERROR] com.foxhis.itf.genernal.PoliceGenernal.run(PoliceGenernal.java:54) - 轮询异常：java.lang.NullPointerException
2018-09-28 11:49:02,047 [ERROR] com.foxhis.itf.genernal.PoliceGenernal.run(PoliceGenernal.java:54) - 轮询异常：java.lang.NullPointerException
2018-09-28 11:49:04,049 [ERROR] com.foxhis.itf.genernal.PoliceGenernal.run(PoliceGenernal.java:54) - 轮询异常：java.lang.NullPointerException
2018-09-28 11:49:54,470 [ INFO] com.foxhis.itf.main.Main.main(Main.java:98) - 连接数据库成功
2018-09-28 11:49:54,502 [ INFO] com.foxhis.itf.main.Main.main(Main.java:116) - 打开循环调度器成功,循环时间为:2秒
2018-09-28 11:50:29,005 [ INFO] com.foxhis.itf.main.Main.main(Main.java:98) - 连接数据库成功
2018-09-28 11:50:29,015 [ INFO] com.foxhis.itf.main.Main.main(Main.java:116) - 打开循环调度器成功,循环时间为:2秒
2018-09-28 11:50:29,248 [ INFO] com.foxhis.itf.genernal.VODGenernal.doTask(VODGenernal.java:92) - 获取的vodgrd记录：{date=Tue Feb 27 04:30:26 CST 2018, box_addr=F18B230001, ograde=null, roomno=0402 , obox_addr=1, gst_name=PMS, grade=0, shift=1, logmark=0, empno=PMS       , gst_grd=1, changed=T}
2018-09-28 11:50:29,348 [ INFO] com.foxhis.itf.genernal.VODGenernal.doTask(VODGenernal.java:114) - 更新状态是否成功:true
2018-09-28 11:50:31,019 [ INFO] com.foxhis.itf.genernal.VODGenernal.doTask(VODGenernal.java:92) - 获取的vodgrd记录：{date=Tue Feb 27 04:30:26 CST 2018, box_addr=F18B230001, ograde=null, roomno=0402 , obox_addr=1, gst_name=PMS, grade=0, shift=1, logmark=0, empno=PMS       , gst_grd=1, changed=T}
2018-09-28 11:50:31,021 [ INFO] com.foxhis.itf.genernal.VODGenernal.doTask(VODGenernal.java:114) - 更新状态是否成功:true
2018-09-28 13:15:12,228 [ INFO] com.foxhis.itf.main.Main.main(Main.java:98) - 连接数据库成功
2018-09-28 13:15:12,276 [ INFO] com.foxhis.itf.main.Main.main(Main.java:116) - 打开循环调度器成功,循环时间为:2秒
2018-09-28 13:15:12,596 [ INFO] com.foxhis.itf.genernal.VODGenernal.doTask(VODGenernal.java:92) - 获取的vodgrd记录：{date=Tue Feb 27 04:30:26 CST 2018, box_addr=F18B230001, ograde=null, roomno=0402 , obox_addr=1, gst_name=PMS, grade=0, shift=1, logmark=0, empno=PMS       , gst_grd=1, changed=T}
2018-09-28 13:15:12,607 [ INFO] com.foxhis.itf.genernal.VODGenernal.doTask(VODGenernal.java:114) - 更新状态是否成功:true
2018-09-28 13:15:14,278 [ INFO] com.foxhis.itf.genernal.VODGenernal.doTask(VODGenernal.java:92) - 获取的vodgrd记录：{date=Tue Feb 27 04:30:26 CST 2018, box_addr=F18B230001, ograde=null, roomno=0402 , obox_addr=1, gst_name=PMS, grade=0, shift=1, logmark=0, empno=PMS       , gst_grd=1, changed=T}
2018-09-28 13:15:14,280 [ INFO] com.foxhis.itf.genernal.VODGenernal.doTask(VODGenernal.java:114) - 更新状态是否成功:true
2018-09-28 13:19:17,182 [ INFO] com.foxhis.itf.main.Main.main(Main.java:98) - 连接数据库成功
2018-09-28 13:19:17,192 [ INFO] com.foxhis.itf.main.Main.main(Main.java:116) - 打开循环调度器成功,循环时间为:2秒
2018-09-28 13:19:17,411 [ INFO] com.foxhis.itf.genernal.VODGenernal.doTask(VODGenernal.java:92) - 获取的vodgrd记录：{date=Tue Feb 27 04:30:26 CST 2018, box_addr=F18B230001, ograde=null, roomno=0402 , obox_addr=1, gst_name=PMS, grade=0, shift=1, logmark=0, empno=PMS       , gst_grd=1, changed=T}
2018-09-28 13:19:17,432 [ INFO] com.foxhis.itf.genernal.VODGenernal.doTask(VODGenernal.java:114) - 更新状态是否成功:true
2018-09-28 13:20:42,642 [ INFO] com.foxhis.itf.main.Main.main(Main.java:97) - 连接数据库成功
2018-09-28 13:20:42,652 [ INFO] com.foxhis.itf.main.Main.main(Main.java:115) - 打开循环调度器成功,循环时间为:2秒
2018-09-28 13:20:42,866 [ INFO] com.foxhis.itf.genernal.VODGenernal.doTask(VODGenernal.java:92) - 获取的vodgrd记录：{date=Tue Feb 27 04:30:26 CST 2018, box_addr=F18B230001, ograde=null, roomno=0402 , obox_addr=1, gst_name=PMS, grade=0, shift=1, logmark=0, empno=PMS       , gst_grd=1, changed=T}
2018-09-28 13:20:42,873 [ INFO] com.foxhis.itf.genernal.VODGenernal.doTask(VODGenernal.java:114) - 更新状态是否成功:true
2018-09-28 13:20:44,657 [ INFO] com.foxhis.itf.genernal.VODGenernal.doTask(VODGenernal.java:92) - 获取的vodgrd记录：{date=Tue Feb 27 04:30:26 CST 2018, box_addr=F18B230001, ograde=null, roomno=0402 , obox_addr=1, gst_name=PMS, grade=0, shift=1, logmark=0, empno=PMS       , gst_grd=1, changed=T}
2018-09-28 13:20:44,658 [ INFO] com.foxhis.itf.genernal.VODGenernal.doTask(VODGenernal.java:114) - 更新状态是否成功:true
55
5

5


5555555555555

555555555555





5555555555555555




555


6666
5


6
6

6
6

62018-10-19 16:15:42,713 [ INFO] com.foxhis.itf.main.Main.main(Main.java:98) - 连接数据库成功
2018-10-19 16:15:42,753 [ INFO] com.foxhis.itf.main.Main.main(Main.java:116) - 打开循环调度器成功,循环时间为:2秒
2018-10-19 16:15:44,791 [ INFO] com.foxhis.itf.genernal.VODGenernal.doTask(VODGenernal.java:92) - 获取的vodgrd记录：{date=Thu Oct 18 09:43:40 CST 2018, box_addr=F18B230001, ograde=0, roomno=0402 , obox_addr=1, gst_name=PMS, grade=0, shift=1, logmark=1, empno=PMS       , gst_grd=1, changed=F}
2018-10-19 16:15:45,712 [ INFO] com.foxhis.itf.genernal.VODGenernal.doTask(VODGenernal.java:114) - 更新状态是否成功:true
2018-10-19 16:16:28,730 [ INFO] com.foxhis.itf.main.Main.main(Main.java:98) - 连接数据库成功
2018-10-19 16:16:28,741 [ INFO] com.foxhis.itf.main.Main.main(Main.java:116) - 打开循环调度器成功,循环时间为:2秒
2018-10-19 16:19:34,120 [ INFO] com.foxhis.itf.main.Main.main(Main.java:98) - 连接数据库成功
2018-10-19 16:19:34,133 [ INFO] com.foxhis.itf.main.Main.main(Main.java:116) - 打开循环调度器成功,循环时间为:2秒


66\

7

7
7
7
7

2018-10-19 16:30:12,129 [ INFO] com.foxhis.itf.main.Main$6.actionPerformed(Main.java:216) - 服务已正常退出..
2018-10-19 16:30:19,377 [ INFO] com.foxhis.itf.main.Main.main(Main.java:98) - 连接数据库成功
2018-10-19 16:30:19,389 [ INFO] com.foxhis.itf.main.Main.main(Main.java:116) - 打开循环调度器成功,循环时间为:2秒


55
2018-10-19 16:33:08,796 [ INFO] com.foxhis.itf.main.Main.main(Main.java:98) - 连接数据库成功
2018-10-19 16:33:16,174 [ INFO] com.foxhis.itf.main.Main.main(Main.java:116) - 打开循环调度器成功,循环时间为:2秒
2018-10-19 16:35:55,158 [ INFO] com.foxhis.itf.main.Main.main(Main.java:98) - 连接数据库成功
2018-10-19 16:35:59,495 [ INFO] com.foxhis.itf.main.Main.main(Main.java:116) - 打开循环调度器成功,循环时间为:2秒
2018-10-19 16:38:13,558 [ INFO] com.foxhis.itf.main.Main.main(Main.java:98) - 连接数据库成功
2018-10-19 16:38:17,572 [ INFO] com.foxhis.itf.main.Main.main(Main.java:116) - 打开循环调度器成功,循环时间为:2秒
2018-10-19 16:39:30,667 [ INFO] com.foxhis.itf.main.Main.main(Main.java:98) - 连接数据库成功
2018-10-19 16:39:34,449 [ INFO] com.foxhis.itf.main.Main.main(Main.java:116) - 打开循环调度器成功,循环时间为:2秒
2018-10-19 16:45:36,007 [ INFO] com.foxhis.itf.main.Main.main(Main.java:98) - 连接数据库成功
2018-10-19 16:45:36,019 [ INFO] com.foxhis.itf.main.Main.main(Main.java:116) - 打开循环调度器成功,循环时间为:2秒
2018-10-19 16:55:40,985 [ INFO] com.foxhis.itf.main.Main.main(Main.java:98) - 连接数据库成功
2018-10-19 16:55:40,999 [ INFO] com.foxhis.itf.main.Main.main(Main.java:116) - 打开循环调度器成功,循环时间为:2秒
2018-10-19 17:04:41,165 [ INFO] com.foxhis.itf.main.Main.main(Main.java:98) - 连接数据库成功
2018-10-19 17:04:41,178 [ INFO] com.foxhis.itf.main.Main.main(Main.java:116) - 打开循环调度器成功,循环时间为:2秒
2018-10-19 17:07:15,542 [ INFO] com.foxhis.itf.main.Main.main(Main.java:98) - 连接数据库成功
2018-10-19 17:07:15,555 [ INFO] com.foxhis.itf.main.Main.main(Main.java:116) - 打开循环调度器成功,循环时间为:2秒
2018-10-19 17:10:24,058 [ INFO] com.foxhis.itf.main.Main.main(Main.java:98) - 连接数据库成功
2018-10-19 17:10:24,074 [ INFO] com.foxhis.itf.main.Main.main(Main.java:116) - 打开循环调度器成功,循环时间为:2秒
